
SQL*Loader: Release 11.2.0.4.0 - Production on Sun Sep 16 13:31:43 2018

Copyright (c) 1982, 2011, Oracle and/or its affiliates.  All rights reserved.

Control File:   /home/gabriels/ICS5200/src/sql/Loading/tpcds/tpcds1/call_center.ctl
Data File:      /mnt/raid5/DataGeneration_ICS5200/TPC-DS/tpcds1/call_center.dat
  Bad File:     /home/gabriels/ICS5200/src/sql/Loading/tpcds/tpcds1/call_center.bad
  Discard File:  none specified
 
 (Allow all discards)

Number to load: ALL
Number to skip: 0
Errors allowed: 50
Bind array:     64 rows, maximum of 256000 bytes
Continuation:    none specified
Path used:      Conventional

Table TPCDS1.CALL_CENTER, loaded from every logical record.
Insert option in effect for this table: REPLACE
TRAILING NULLCOLS option in effect
   Column Name                  Position   Len  Term Encl Datatype
------------------------------ ---------- ----- ---- ---- ---------------------
Message 3053 not found;  product=RDBMS; facility=UL
Message 3054 not found;  product=RDBMS; facility=UL
CC_CALL_CENTER_SK                   FIRST     *   |  O(") CHARACTER            
CC_CALL_CENTER_ID                    NEXT     *   |  O(") CHARACTER            
CC_REC_START_DATE                    NEXT     *   |  O(") CHARACTER            
CC_REC_END_DATE                      NEXT     *   |  O(") CHARACTER            
CC_CLOSED_DATE_SK                    NEXT     *   |  O(") CHARACTER            
CC_OPEN_DATE_SK                      NEXT     *   |  O(") CHARACTER            
CC_NAME                              NEXT     *   |  O(") CHARACTER            
CC_CLASS                             NEXT     *   |  O(") CHARACTER            
CC_EMPLOYEES                         NEXT     *   |  O(") CHARACTER            
CC_SQ_FT                             NEXT     *   |  O(") CHARACTER            
CC_HOURS                             NEXT     *   |  O(") CHARACTER            
CC_MANAGER                           NEXT     *   |  O(") CHARACTER            
CC_MKT_ID                            NEXT     *   |  O(") CHARACTER            
CC_MKT_CLASS                         NEXT     *   |  O(") CHARACTER            
CC_MKT_DESC                          NEXT     *   |  O(") CHARACTER            
CC_MARKET_MANAGER                    NEXT     *   |  O(") CHARACTER            
CC_DIVISION                          NEXT     *   |  O(") CHARACTER            
CC_DIVISION_NAME                     NEXT     *   |  O(") CHARACTER            
CC_COMPANY                           NEXT     *   |  O(") CHARACTER            
CC_COMPANY_NAME                      NEXT     *   |  O(") CHARACTER            
CC_STREET_NUMBER                     NEXT     *   |  O(") CHARACTER            
CC_STREET_NAME                       NEXT     *   |  O(") CHARACTER            
CC_STREET_TYPE                       NEXT     *   |  O(") CHARACTER            
CC_SUITE_NUMBER                      NEXT     *   |  O(") CHARACTER            
CC_CITY                              NEXT     *   |  O(") CHARACTER            
CC_COUNTY                            NEXT     *   |  O(") CHARACTER            
CC_STATE                             NEXT     *   |  O(") CHARACTER            
CC_ZIP                               NEXT     *   |  O(") CHARACTER            
CC_COUNTRY                           NEXT     *   |  O(") CHARACTER            
CC_GMT_OFFSET                        NEXT     *   |  O(") CHARACTER            
CC_TAX_PERCENTAGE                    NEXT     *   |  O(") CHARACTER            

value used for ROWS parameter changed from 64 to 32

Table TPCDS1.CALL_CENTER:
  6 Rows successfully loaded.
  0 Rows not loaded due to data errors.
  0 Rows not loaded because all WHEN clauses were failed.
  0 Rows not loaded because all fields were null.


Space allocated for bind array:                 255936 bytes(32 rows)
Read   buffer bytes: 1048576

Total logical records skipped:          0
Total logical records read:             6
Total logical records rejected:         0
Total logical records discarded:        0

Run began on Sun Sep 16 13:31:43 2018
Run ended on Sun Sep 16 13:31:43 2018

Elapsed time was:     00:00:00.07
CPU time was:         00:00:00.01
