
SQL*Loader: Release 11.2.0.4.0 - Production on Wed Sep 12 09:28:04 2018

Copyright (c) 1982, 2011, Oracle and/or its affiliates.  All rights reserved.

Control File:   /home/gabriels/ICS5200/src/sql/Loading/tpcds/tpcds1/catalog_page.ctl
Data File:      /mnt/raid5/DataGeneration_ICS5200/TPC-DS/tpcds1/catalog_page.dat
  Bad File:     /home/gabriels/ICS5200/src/sql/Loading/tpcds/tpcds1/catalog_page.bad
  Discard File:  none specified
 
 (Allow all discards)

Number to load: ALL
Number to skip: 0
Errors allowed: 50
Bind array:     64 rows, maximum of 256000 bytes
Continuation:    none specified
Path used:      Conventional

Table TPCDS1.CATALOG_PAGE, loaded from every logical record.
Insert option in effect for this table: REPLACE
TRAILING NULLCOLS option in effect
   Column Name                  Position   Len  Term Encl Datatype
------------------------------ ---------- ----- ---- ---- ---------------------
Message 3053 not found;  product=RDBMS; facility=UL
Message 3054 not found;  product=RDBMS; facility=UL
CP_CATALOG_PAGE_SK                  FIRST     *   |  O(") CHARACTER            
CP_CATALOG_PAGE_ID                   NEXT     *   |  O(") CHARACTER            
CP_START_DATE_SK                     NEXT     *   |  O(") CHARACTER            
CP_END_DATE_SK                       NEXT     *   |  O(") CHARACTER            
CP_DEPARTMENT                        NEXT     *   |  O(") CHARACTER            
CP_CATALOG_NUMBER                    NEXT     *   |  O(") CHARACTER            
CP_CATALOG_PAGE_NUMBER               NEXT     *   |  O(") CHARACTER            
CP_DESCRIPTION                       NEXT     *   |  O(") CHARACTER            
CP_TYPE                              NEXT     *   |  O(") CHARACTER            


Table TPCDS1.CATALOG_PAGE:
  11718 Rows successfully loaded.
  0 Rows not loaded due to data errors.
  0 Rows not loaded because all WHEN clauses were failed.
  0 Rows not loaded because all fields were null.


Space allocated for bind array:                 148608 bytes(64 rows)
Read   buffer bytes: 1048576

Total logical records skipped:          0
Total logical records read:         11718
Total logical records rejected:         0
Total logical records discarded:        0

Run began on Wed Sep 12 09:28:04 2018
Run ended on Wed Sep 12 09:28:05 2018

Elapsed time was:     00:00:00.19
CPU time was:         00:00:00.04
