
SQL*Loader: Release 11.2.0.4.0 - Production on Wed Aug 29 09:59:30 2018

Copyright (c) 1982, 2011, Oracle and/or its affiliates.  All rights reserved.

Control File:   /home/gabriels/ICS5200/src/sql/Loading/tpcds/tpcds1/customer.ctl
Data File:      /mnt/raid5/DataGeneration_ICS5200/TPC-DS/tpcds1/customer.dat
  Bad File:     /home/gabriels/ICS5200/src/sql/Loading/tpcds/tpcds1/customer.bad
  Discard File:  none specified
 
 (Allow all discards)

Number to load: ALL
Number to skip: 0
Errors allowed: 50
Bind array:     64 rows, maximum of 256000 bytes
Continuation:    none specified
Path used:      Conventional

Table TPCDS1.CUSTOMER, loaded from every logical record.
Insert option in effect for this table: REPLACE
TRAILING NULLCOLS option in effect
   Column Name                  Position   Len  Term Encl Datatype
------------------------------ ---------- ----- ---- ---- ---------------------
Message 3053 not found;  product=RDBMS; facility=UL
Message 3054 not found;  product=RDBMS; facility=UL
C_CUSTOMER_SK                       FIRST     *   |  O(") CHARACTER            
C_CUSTOMER_ID                        NEXT     *   |  O(") CHARACTER            
C_CURRENT_CDEMO_SK                   NEXT     *   |  O(") CHARACTER            
C_CURRENT_HDEMO_SK                   NEXT     *   |  O(") CHARACTER            
C_CURRENT_ADDR_SK                    NEXT     *   |  O(") CHARACTER            
C_FIRST_SHIPTO_DATE_SK               NEXT     *   |  O(") CHARACTER            
C_FIRST_SALES_DATE_SK                NEXT     *   |  O(") CHARACTER            
C_SALUTATION                         NEXT     *   |  O(") CHARACTER            
C_FIRST_NAME                         NEXT     *   |  O(") CHARACTER            
C_LAST_NAME                          NEXT     *   |  O(") CHARACTER            
C_PREFERRED_CUST_FLAG                NEXT     *   |  O(") CHARACTER            
C_BIRTH_DAY                          NEXT     *   |  O(") CHARACTER            
C_BIRTH_MONTH                        NEXT     *   |  O(") CHARACTER            
C_BIRTH_YEAR                         NEXT     *   |  O(") CHARACTER            
C_BIRTH_COUNTRY                      NEXT     *   |  O(") CHARACTER            
C_LOGIN                              NEXT     *   |  O(") CHARACTER            
C_EMAIL_ADDRESS                      NEXT     *   |  O(") CHARACTER            
C_LAST_REVIEW_DATE                   NEXT     *   |  O(") CHARACTER            

value used for ROWS parameter changed from 64 to 55

Table TPCDS1.CUSTOMER:
  100000 Rows successfully loaded.
  0 Rows not loaded due to data errors.
  0 Rows not loaded because all WHEN clauses were failed.
  0 Rows not loaded because all fields were null.


Space allocated for bind array:                 255420 bytes(55 rows)
Read   buffer bytes: 1048576

Total logical records skipped:          0
Total logical records read:        100000
Total logical records rejected:         0
Total logical records discarded:        0

Run began on Wed Aug 29 09:59:30 2018
Run ended on Wed Aug 29 09:59:32 2018

Elapsed time was:     00:00:02.16
CPU time was:         00:00:00.61
