
SQL*Loader: Release 11.2.0.4.0 - Production on Sun Sep 16 13:31:06 2018

Copyright (c) 1982, 2011, Oracle and/or its affiliates.  All rights reserved.

Control File:   /home/gabriels/ICS5200/src/sql/Loading/tpcds/tpcds1/store.ctl
Data File:      /mnt/raid5/DataGeneration_ICS5200/TPC-DS/tpcds1/store.dat
  Bad File:     /home/gabriels/ICS5200/src/sql/Loading/tpcds/tpcds1/store.bad
  Discard File:  none specified
 
 (Allow all discards)

Number to load: ALL
Number to skip: 0
Errors allowed: 50
Bind array:     64 rows, maximum of 256000 bytes
Continuation:    none specified
Path used:      Conventional

Table TPCDS1.STORE, loaded from every logical record.
Insert option in effect for this table: REPLACE
TRAILING NULLCOLS option in effect
   Column Name                  Position   Len  Term Encl Datatype
------------------------------ ---------- ----- ---- ---- ---------------------
Message 3053 not found;  product=RDBMS; facility=UL
Message 3054 not found;  product=RDBMS; facility=UL
S_STORE_SK                          FIRST     *   |  O(") CHARACTER            
S_STORE_ID                           NEXT     *   |  O(") CHARACTER            
S_REC_START_DATE                     NEXT     *   |  O(") CHARACTER            
S_REC_END_DATE                       NEXT     *   |  O(") CHARACTER            
S_CLOSED_DATE_SK                     NEXT     *   |  O(") CHARACTER            
S_STORE_NAME                         NEXT     *   |  O(") CHARACTER            
S_NUMBER_EMPLOYEES                   NEXT     *   |  O(") CHARACTER            
S_FLOOR_SPACE                        NEXT     *   |  O(") CHARACTER            
S_HOURS                              NEXT     *   |  O(") CHARACTER            
S_MANAGER                            NEXT     *   |  O(") CHARACTER            
S_MARKET_ID                          NEXT     *   |  O(") CHARACTER            
S_GEOGRAPHY_CLASS                    NEXT     *   |  O(") CHARACTER            
S_MARKET_DESC                        NEXT     *   |  O(") CHARACTER            
S_MARKET_MANAGER                     NEXT     *   |  O(") CHARACTER            
S_DIVISION_ID                        NEXT     *   |  O(") CHARACTER            
S_DIVISION_NAME                      NEXT     *   |  O(") CHARACTER            
S_COMPANY_ID                         NEXT     *   |  O(") CHARACTER            
S_COMPANY_NAME                       NEXT     *   |  O(") CHARACTER            
S_STREET_NUMBER                      NEXT     *   |  O(") CHARACTER            
S_STREET_NAME                        NEXT     *   |  O(") CHARACTER            
S_STREET_TYPE                        NEXT     *   |  O(") CHARACTER            
S_SUITE_NUMBER                       NEXT     *   |  O(") CHARACTER            
S_CITY                               NEXT     *   |  O(") CHARACTER            
S_COUNTY                             NEXT     *   |  O(") CHARACTER            
S_STATE                              NEXT     *   |  O(") CHARACTER            
S_ZIP                                NEXT     *   |  O(") CHARACTER            
S_COUNTRY                            NEXT     *   |  O(") CHARACTER            
S_GMT_OFFSET                         NEXT     *   |  O(") CHARACTER            
S_TAX_PRECENTAGE                     NEXT     *   |  O(") CHARACTER            

value used for ROWS parameter changed from 64 to 34

Table TPCDS1.STORE:
  12 Rows successfully loaded.
  0 Rows not loaded due to data errors.
  0 Rows not loaded because all WHEN clauses were failed.
  0 Rows not loaded because all fields were null.


Space allocated for bind array:                 254388 bytes(34 rows)
Read   buffer bytes: 1048576

Total logical records skipped:          0
Total logical records read:            12
Total logical records rejected:         0
Total logical records discarded:        0

Run began on Sun Sep 16 13:31:06 2018
Run ended on Sun Sep 16 13:31:06 2018

Elapsed time was:     00:00:00.06
CPU time was:         00:00:00.01
