
SQL*Loader: Release 11.2.0.4.0 - Production on Wed Aug 29 09:59:43 2018

Copyright (c) 1982, 2011, Oracle and/or its affiliates.  All rights reserved.

Control File:   /home/gabriels/ICS5200/src/sql/Loading/tpcds/tpcds1/store_sales.ctl
Data File:      /mnt/raid5/DataGeneration_ICS5200/TPC-DS/tpcds1/store_sales.dat
  Bad File:     /home/gabriels/ICS5200/src/sql/Loading/tpcds/tpcds1/store_sales.bad
  Discard File:  none specified
 
 (Allow all discards)

Number to load: ALL
Number to skip: 0
Errors allowed: 50
Bind array:     64 rows, maximum of 256000 bytes
Continuation:    none specified
Path used:      Conventional

Table TPCDS1.STORE_SALES, loaded from every logical record.
Insert option in effect for this table: REPLACE
TRAILING NULLCOLS option in effect
   Column Name                  Position   Len  Term Encl Datatype
------------------------------ ---------- ----- ---- ---- ---------------------
Message 3053 not found;  product=RDBMS; facility=UL
Message 3054 not found;  product=RDBMS; facility=UL
SS_SOLD_DATE_SK                     FIRST     *   |  O(") CHARACTER            
SS_SOLD_TIME_SK                      NEXT     *   |  O(") CHARACTER            
SS_ITEM_SK                           NEXT     *   |  O(") CHARACTER            
SS_CUSTOMER_SK                       NEXT     *   |  O(") CHARACTER            
SS_CDEMO_SK                          NEXT     *   |  O(") CHARACTER            
SS_HDEMO_SK                          NEXT     *   |  O(") CHARACTER            
SS_ADDR_SK                           NEXT     *   |  O(") CHARACTER            
SS_STORE_SK                          NEXT     *   |  O(") CHARACTER            
SS_PROMO_SK                          NEXT     *   |  O(") CHARACTER            
SS_TICKET_NUMBER                     NEXT     *   |  O(") CHARACTER            
SS_QUANTITY                          NEXT     *   |  O(") CHARACTER            
SS_WHOLESALE_COST                    NEXT     *   |  O(") CHARACTER            
SS_LIST_PRICE                        NEXT     *   |  O(") CHARACTER            
SS_SALES_PRICE                       NEXT     *   |  O(") CHARACTER            
SS_EXT_DISCOUNT_AMT                  NEXT     *   |  O(") CHARACTER            
SS_EXT_SALES_PRICE                   NEXT     *   |  O(") CHARACTER            
SS_EXT_WHOLESALE_COST                NEXT     *   |  O(") CHARACTER            
SS_EXT_LIST_PRICE                    NEXT     *   |  O(") CHARACTER            
SS_EXT_TAX                           NEXT     *   |  O(") CHARACTER            
SS_COUPON_AMT                        NEXT     *   |  O(") CHARACTER            
SS_NET_PAID                          NEXT     *   |  O(") CHARACTER            
SS_NET_PAID_INC_TAX                  NEXT     *   |  O(") CHARACTER            
SS_NET_PROFIT                        NEXT     *   |  O(") CHARACTER            

value used for ROWS parameter changed from 64 to 43

Table TPCDS1.STORE_SALES:
  2880404 Rows successfully loaded.
  0 Rows not loaded due to data errors.
  0 Rows not loaded because all WHEN clauses were failed.
  0 Rows not loaded because all fields were null.


Space allocated for bind array:                 255162 bytes(43 rows)
Read   buffer bytes: 1048576

Total logical records skipped:          0
Total logical records read:       2880404
Total logical records rejected:         0
Total logical records discarded:        0

Run began on Wed Aug 29 09:59:43 2018
Run ended on Wed Aug 29 10:01:27 2018

Elapsed time was:     00:01:44.14
CPU time was:         00:00:19.53
