
SQL*Loader: Release 11.2.0.4.0 - Production on Sun Sep 16 13:36:05 2018

Copyright (c) 1982, 2011, Oracle and/or its affiliates.  All rights reserved.

Control File:   /home/gabriels/ICS5200/src/sql/Loading/tpcds/tpcds1/warehouse.ctl
Data File:      /mnt/raid5/DataGeneration_ICS5200/TPC-DS/tpcds1/warehouse.dat
  Bad File:     /home/gabriels/ICS5200/src/sql/Loading/tpcds/tpcds1/warehouse.bad
  Discard File:  none specified
 
 (Allow all discards)

Number to load: ALL
Number to skip: 0
Errors allowed: 50
Bind array:     64 rows, maximum of 256000 bytes
Continuation:    none specified
Path used:      Conventional

Table TPCDS1.WAREHOUSE, loaded from every logical record.
Insert option in effect for this table: REPLACE
TRAILING NULLCOLS option in effect
   Column Name                  Position   Len  Term Encl Datatype
------------------------------ ---------- ----- ---- ---- ---------------------
Message 3053 not found;  product=RDBMS; facility=UL
Message 3054 not found;  product=RDBMS; facility=UL
W_WAREHOUSE_SK                      FIRST     *   |  O(") CHARACTER            
W_WAREHOUSE_ID                       NEXT     *   |  O(") CHARACTER            
W_WAREHOUSE_NAME                     NEXT     *   |  O(") CHARACTER            
W_WAREHOUSE_SQ_FT                    NEXT     *   |  O(") CHARACTER            
W_STREET_NUMBER                      NEXT     *   |  O(") CHARACTER            
W_STREET_NAME                        NEXT     *   |  O(") CHARACTER            
W_STREET_TYPE                        NEXT     *   |  O(") CHARACTER            
W_SUITE_NUMBER                       NEXT     *   |  O(") CHARACTER            
W_CITY                               NEXT     *   |  O(") CHARACTER            
W_COUNTY                             NEXT     *   |  O(") CHARACTER            
W_STATE                              NEXT     *   |  O(") CHARACTER            
W_ZIP                                NEXT     *   |  O(") CHARACTER            
W_COUNTRY                            NEXT     *   |  O(") CHARACTER            
W_GMT_OFFSET                         NEXT     *   |  O(") CHARACTER            


Table TPCDS1.WAREHOUSE:
  5 Rows successfully loaded.
  0 Rows not loaded due to data errors.
  0 Rows not loaded because all WHEN clauses were failed.
  0 Rows not loaded because all fields were null.


Space allocated for bind array:                 231168 bytes(64 rows)
Read   buffer bytes: 1048576

Total logical records skipped:          0
Total logical records read:             5
Total logical records rejected:         0
Total logical records discarded:        0

Run began on Sun Sep 16 13:36:05 2018
Run ended on Sun Sep 16 13:36:05 2018

Elapsed time was:     00:00:00.06
CPU time was:         00:00:00.00
